[20:43:54] [main/INFO] (FabricLoader/GameProvider) Loading Minecraft 1.20.1 with Fabric Loader 0.14.21
[20:43:54] [main/INFO] (FabricLoader) Loading 46 mods:
	- fabric-api 0.84.0+1.20.1
	- fabric-api-base 0.4.29+b04edc7a77
	- fabric-api-lookup-api-v1 1.6.34+4d8536c977
	- fabric-biome-api-v1 13.0.10+b3afc78b77
	- fabric-block-api-v1 1.0.9+e022e5d177
	- fabric-blockrenderlayer-v1 1.1.39+b3afc78b77
	- fabric-client-tags-api-v1 1.0.20+b3afc78b77
	- fabric-command-api-v2 2.2.11+b3afc78b77
	- fabric-content-registries-v0 4.0.7+b3afc78b77
	- fabric-convention-tags-v1 1.5.3+b3afc78b77
	- fabric-crash-report-info-v1 0.2.18+aeb40ebe77
	- fabric-data-generation-api-v1 12.1.11+b3afc78b77
	- fabric-dimensions-v1 2.1.51+b3afc78b77
	- fabric-entity-events-v1 1.5.21+b3afc78b77
	- fabric-events-interaction-v0 0.6.0+b3afc78b77
	- fabric-game-rule-api-v1 1.0.38+b04edc7a77
	- fabric-gametest-api-v1 1.2.10+b3afc78b77
	- fabric-item-api-v1 2.1.26+b3afc78b77
	- fabric-item-group-api-v1 4.0.7+b3afc78b77
	- fabric-key-binding-api-v1 1.0.36+fb8d95da77
	- fabric-lifecycle-events-v1 2.2.20+b3afc78b77
	- fabric-loot-api-v2 1.1.37+b3afc78b77
	- fabric-message-api-v1 5.1.6+b3afc78b77
	- fabric-mining-level-api-v1 2.1.47+b3afc78b77
	- fabric-mod-example 1.0.0
	- fabric-models-v0 0.3.35+b3afc78b77
	- fabric-networking-api-v1 1.3.8+b3afc78b77
	- fabric-object-builder-api-v1 11.0.6+b3afc78b77
	- fabric-particles-v1 1.0.28+b3afc78b77
	- fabric-recipe-api-v1 1.0.18+b3afc78b77
	- fabric-registry-sync-v0 2.2.6+b3afc78b77
	- fabric-renderer-api-v1 3.1.0+c154966e77
	- fabric-renderer-indigo 1.4.0+c154966e77
	- fabric-rendering-data-attachment-v1 0.3.33+b3afc78b77
	- fabric-rendering-fluids-v1 3.0.26+b3afc78b77
	- fabric-rendering-v1 3.0.6+b3afc78b77
	- fabric-resource-conditions-api-v1 2.3.5+ea08f9d877
	- fabric-resource-loader-v0 0.11.7+f7923f6d77
	- fabric-screen-api-v1 2.0.6+b3afc78b77
	- fabric-screen-handler-api-v1 1.3.27+b3afc78b77
	- fabric-sound-api-v1 1.0.12+b3afc78b77
	- fabric-transfer-api-v1 3.2.2+b3afc78b77
	- fabric-transitive-access-wideners-v1 4.2.0+b3afc78b77
	- fabricloader 0.14.21
	- java 17
	- minecraft 1.20.1
[20:43:54] [main/INFO] (FabricLoader/Mixin) SpongePowered MIXIN Subsystem Version=0.8.5 Source=file:/C:/Users/86159/.gradle/caches/modules-2/files-2.1/net.fabricmc/sponge-mixin/0.12.5+mixin.0.8.5/8d31fb97c3e0cd7c8dad3441851c523bcfae6d8e/sponge-mixin-0.12.5+mixin.0.8.5.jar Service=Knot/Fabric Env=CLIENT
[20:43:54] [main/INFO] (FabricLoader/Mixin) Loaded Fabric development mappings for mixin remapper!
[20:43:54] [main/INFO] (FabricLoader/Mixin) Compatibility level set to JAVA_16
[20:43:54] [main/INFO] (FabricLoader/Mixin) Compatibility level set to JAVA_17
[20:44:01] [Datafixer Bootstrap/INFO] (Minecraft) 188 Datafixer optimizations took 153 milliseconds
[20:44:03] [Render thread/INFO] (Minecraft) Environment: authHost='https://authserver.mojang.com', accountsHost='https://api.mojang.com', sessionHost='https://sessionserver.mojang.com', servicesHost='https://api.minecraftservices.com', name='PROD'
[20:44:04] [Render thread/ERROR] (Minecraft) Failed to verify authentication
com.mojang.authlib.exceptions.InvalidCredentialsException: Status: 401
	at com.mojang.authlib.exceptions.MinecraftClientHttpException.toAuthenticationException(MinecraftClientHttpException.java:56) ~[authlib-4.0.43.jar:?]
	at com.mojang.authlib.yggdrasil.YggdrasilUserApiService.fetchProperties(YggdrasilUserApiService.java:156) ~[authlib-4.0.43.jar:?]
	at com.mojang.authlib.yggdrasil.YggdrasilUserApiService.<init>(YggdrasilUserApiService.java:55) ~[authlib-4.0.43.jar:?]
	at com.mojang.authlib.yggdrasil.YggdrasilAuthenticationService.createUserApiService(YggdrasilAuthenticationService.java:124) ~[authlib-4.0.43.jar:?]
	at net.minecraft.client.MinecraftClient.createUserApiService(MinecraftClient.java:733) ~[minecraft-clientonly-project-root-1.20.1-net.fabricmc.yarn.1_20_1.1.20.1+build.10-v2.jar:?]
	at net.minecraft.client.MinecraftClient.<init>(MinecraftClient.java:442) ~[minecraft-clientonly-project-root-1.20.1-net.fabricmc.yarn.1_20_1.1.20.1+build.10-v2.jar:?]
	at net.minecraft.client.main.Main.main(Main.java:211) ~[minecraft-clientonly-project-root-1.20.1-net.fabricmc.yarn.1_20_1.1.20.1+build.10-v2.jar:?]
	at net.fabricmc.loader.impl.game.minecraft.MinecraftGameProvider.launch(MinecraftGameProvider.java:468) ~[fabric-loader-0.14.21.jar:?]
	at net.fabricmc.loader.impl.launch.knot.Knot.launch(Knot.java:74) ~[fabric-loader-0.14.21.jar:?]
	at net.fabricmc.loader.impl.launch.knot.KnotClient.main(KnotClient.java:23) ~[fabric-loader-0.14.21.jar:?]
	at net.fabricmc.devlaunchinjector.Main.main(Main.java:86) ~[dev-launch-injector-0.2.1+build.8.jar:?]
Caused by: com.mojang.authlib.exceptions.MinecraftClientHttpException: Status: 401
	at com.mojang.authlib.minecraft.client.MinecraftClient.readInputStream(MinecraftClient.java:85) ~[authlib-4.0.43.jar:?]
	at com.mojang.authlib.minecraft.client.MinecraftClient.get(MinecraftClient.java:48) ~[authlib-4.0.43.jar:?]
	at com.mojang.authlib.yggdrasil.YggdrasilUserApiService.fetchProperties(YggdrasilUserApiService.java:129) ~[authlib-4.0.43.jar:?]
	... 9 more
[20:44:04] [Render thread/INFO] (Minecraft) Setting user: Player205
[20:44:04] [Render thread/INFO] (fabric-mod-example) AI Chat Mod initialized!
[20:44:04] [Render thread/INFO] (Indigo) [Indigo] Registering Indigo renderer!
[20:44:05] [Render thread/INFO] (Minecraft) Backend library: LWJGL version 3.3.1 SNAPSHOT
[20:44:06] [Render thread/INFO] (Minecraft) Reloading ResourceManager: vanilla, fabric (fabric-message-api-v1, fabric-renderer-api-v1, fabric-mining-level-api-v1, fabric-mod-example, fabric-api-base, fabric-command-api-v2, fabric-registry-sync-v0, fabric-recipe-api-v1, fabric-game-rule-api-v1, fabric-sound-api-v1, fabric-events-interaction-v0, fabric-transitive-access-wideners-v1, fabricloader, fabric-screen-api-v1, fabric-models-v0, fabric-screen-handler-api-v1, fabric-content-registries-v0, fabric-blockrenderlayer-v1, fabric-biome-api-v1, fabric-resource-conditions-api-v1, fabric-transfer-api-v1, fabric-item-group-api-v1, fabric-convention-tags-v1, fabric-rendering-data-attachment-v1, fabric-api-lookup-api-v1, fabric-renderer-indigo, fabric-rendering-v1, fabric-data-generation-api-v1, fabric-gametest-api-v1, fabric-block-api-v1, fabric-rendering-fluids-v1, fabric-networking-api-v1, fabric-object-builder-api-v1, fabric-particles-v1, fabric-client-tags-api-v1, fabric-entity-events-v1, fabric-key-binding-api-v1, fabric-resource-loader-v0, fabric-item-api-v1, fabric-api, fabric-dimensions-v1, fabric-crash-report-info-v1, fabric-loot-api-v2, fabric-lifecycle-events-v1)
[20:44:06] [Worker-Main-8/INFO] (Minecraft) Found unifont_all_no_pua-15.0.06.hex, loading
[20:44:07] [Realms Notification Availability checker #1/INFO] (Minecraft) Could not authorize you against Realms server: java.lang.RuntimeException: Failed to parse into SignedJWT: FabricMC
[20:44:08] [Worker-Main-1/WARN] (Minecraft) Missing textures in model fabric-mod-example:example_item#inventory:
    minecraft:textures/atlas/blocks.png:fabric-mod-example:item/example_item
[20:44:08] [Render thread/WARN] (Minecraft) Missing sound for event: minecraft:item.goat_horn.play
[20:44:08] [Render thread/WARN] (Minecraft) Missing sound for event: minecraft:entity.goat.screaming.horn_break
[20:44:08] [Render thread/INFO] (Minecraft) OpenAL initialized on device OpenAL Soft on Headphone (Realtek(R) Audio)
[20:44:08] [Render thread/INFO] (Minecraft) Sound engine started
[20:44:08] [Render thread/INFO] (Minecraft) Created: 1024x512x4 minecraft:textures/atlas/blocks.png-atlas
[20:44:08] [Render thread/INFO] (Minecraft) Created: 256x256x4 minecraft:textures/atlas/signs.png-atlas
[20:44:08] [Render thread/INFO] (Minecraft) Created: 512x512x4 minecraft:textures/atlas/shield_patterns.png-atlas
[20:44:08] [Render thread/INFO] (Minecraft) Created: 512x512x4 minecraft:textures/atlas/banner_patterns.png-atlas
[20:44:08] [Render thread/INFO] (Minecraft) Created: 1024x1024x4 minecraft:textures/atlas/armor_trims.png-atlas
[20:44:08] [Render thread/INFO] (Minecraft) Created: 256x256x4 minecraft:textures/atlas/chest.png-atlas
[20:44:08] [Render thread/INFO] (Minecraft) Created: 128x64x4 minecraft:textures/atlas/decorated_pot.png-atlas
[20:44:08] [Render thread/INFO] (Minecraft) Created: 512x256x4 minecraft:textures/atlas/shulker_boxes.png-atlas
[20:44:08] [Render thread/INFO] (Minecraft) Created: 512x256x4 minecraft:textures/atlas/beds.png-atlas
[20:44:09] [Render thread/WARN] (Minecraft) Shader rendertype_entity_translucent_emissive could not find sampler named Sampler2 in the specified shader program.
[20:44:09] [Render thread/INFO] (Minecraft) Created: 256x256x0 minecraft:textures/atlas/particles.png-atlas
[20:44:09] [Render thread/INFO] (Minecraft) Created: 256x256x0 minecraft:textures/atlas/paintings.png-atlas
[20:44:09] [Render thread/INFO] (Minecraft) Created: 128x128x0 minecraft:textures/atlas/mob_effects.png-atlas
[20:44:20] [Render thread/INFO] (Minecraft) Loaded 7 recipes
[20:44:21] [Render thread/INFO] (Minecraft) Loaded 1271 advancements
[20:44:21] [Render thread/INFO] (BiomeModificationImpl) Applied 0 biome modifications to 0 of 64 new biomes in 1.773 ms
[20:44:21] [Server thread/INFO] (Minecraft) Starting integrated minecraft server version 1.20.1
[20:44:21] [Server thread/INFO] (Minecraft) Generating keypair
[20:44:22] [Server thread/INFO] (Minecraft) Preparing start region for dimension minecraft:overworld
[20:44:24] [Render thread/INFO] (Minecraft) 准备生成区域中：0%
[20:44:24] [Render thread/INFO] (Minecraft) 准备生成区域中：0%
[20:44:24] [Render thread/INFO] (Minecraft) 准备生成区域中：0%
[20:44:24] [Render thread/INFO] (Minecraft) 准备生成区域中：0%
[20:44:24] [Render thread/INFO] (Minecraft) 准备生成区域中：0%
[20:44:25] [Render thread/INFO] (Minecraft) 准备生成区域中：31%
[20:44:25] [Render thread/INFO] (Minecraft) Time elapsed: 2966 ms
[20:44:25] [Server thread/INFO] (Minecraft) Changing view distance to 12, from 10
[20:44:25] [Server thread/INFO] (Minecraft) Changing simulation distance to 12, from 0
[20:44:26] [Server thread/INFO] (Minecraft) Player205[local:E:793f51fc] logged in with entity id 84 at (257.9773120799709, 95.37272602780278, -54.59269892884388)
[20:44:27] [Server thread/INFO] (Minecraft) Player205加入了游戏
[20:44:27] [Render thread/INFO] (Minecraft) Loaded 2 advancements
[20:44:39] [Render thread/INFO] (Minecraft) [System] [CHAT] AI正在思考...
[20:45:01] [Render thread/INFO] (Minecraft) [System] [CHAT] AI: 当然可以！以下是一篇关于「坚持与成长」的800字作文框架，内容简洁有逻辑，供你参考：\n\n---\n\n标题：在坚持的土壤里开出成长之花  \n\n开头（约150字）  \n用比喻引入主题：  \n"种子破土而出前，总要在黑暗中经历漫长的等待。人生亦如此，唯有坚持的浇灌，才能让成长的枝叶触及阳光。"  \n（可引用名言或事例，如王羲之练字染黑池水，强调坚持的价值。）  \n\n主体部分（约500字，分三段）  \n1. 坚持是突破困境的阶梯  \n   - 举例：爱迪生千次实验发明电灯，用"失败是成功之母"体现坚持与突破的关系。  \n   - 金句："所谓奇迹，不过是坚持的另一个名字。"  \n\n2. 坚持塑造韧性品格  \n   - 联系现实：运动员日复一日训练（如羽生结弦），不仅提升技能，更锤炼心理素质。  \n   - 对比：一时热情易逝，持久坚持方能沉淀价值。  \n\n3. 坚持需要方法与智慧  \n   - 避免盲目：用《愚公移山》的现代解读――坚持需结合效率（如借助工具）。  \n   - 个人经历：学习某技能时，通过拆分目标、定期复盘让坚持更有效。  \n\n结尾（约150字）  \n升华主题：  \n"坚持不是简单的重复，而是螺旋上升的成长。当我们把'坚持'刻进行动的坐标，终会发现：那些看似枯燥的岁月，早已悄悄为我们铺就了通往星辰大海的路。"  \n（可呼应开头，或呼吁行动，如"从今天开始，为梦想种下一颗坚持的种子"。）  \n\n---\n\n如需调整主题或补充具体事例，可以告诉我方向（如励志、亲情、环保等），我会帮你优化！
[20:45:13] [Render thread/INFO] (Minecraft) Stopping!
[20:45:13] [Server thread/INFO] (Minecraft) Player205 lost connection: 连接中断
[20:45:13] [Server thread/INFO] (Minecraft) Player205退出了游戏
[20:45:13] [Server thread/INFO] (Minecraft) Stopping singleplayer server as player logged out
[20:45:13] [Server thread/ERROR] (Minecraft) Cound not schedule mailbox
java.util.concurrent.RejectedExecutionException: null
	at java.util.concurrent.ForkJoinPool.externalPush(ForkJoinPool.java:2179) ~[?:?]
	at java.util.concurrent.ForkJoinPool.externalSubmit(ForkJoinPool.java:2196) ~[?:?]
	at java.util.concurrent.ForkJoinPool.execute(ForkJoinPool.java:2664) ~[?:?]
	at net.minecraft.util.thread.TaskExecutor.execute(TaskExecutor.java:135) ~[minecraft-common-project-root-1.20.1-net.fabricmc.yarn.1_20_1.1.20.1+build.10-v2.jar:?]
	at net.minecraft.util.thread.TaskExecutor.send(TaskExecutor.java:124) ~[minecraft-common-project-root-1.20.1-net.fabricmc.yarn.1_20_1.1.20.1+build.10-v2.jar:?]
	at net.minecraft.server.world.ChunkTaskPrioritySystem.updateLevel(ChunkTaskPrioritySystem.java:107) ~[minecraft-common-project-root-1.20.1-net.fabricmc.yarn.1_20_1.1.20.1+build.10-v2.jar:?]
	at net.minecraft.server.world.ChunkTicketManager$NearbyChunkTicketUpdater.updateLevels(ChunkTicketManager.java:447) ~[minecraft-common-project-root-1.20.1-net.fabricmc.yarn.1_20_1.1.20.1+build.10-v2.jar:?]
	at net.minecraft.server.world.ChunkTicketManager.tick(ChunkTicketManager.java:119) ~[minecraft-common-project-root-1.20.1-net.fabricmc.yarn.1_20_1.1.20.1+build.10-v2.jar:?]
	at net.minecraft.server.world.ServerChunkManager.tick(ServerChunkManager.java:286) ~[minecraft-common-project-root-1.20.1-net.fabricmc.yarn.1_20_1.1.20.1+build.10-v2.jar:?]
	at net.minecraft.server.world.ServerChunkManager$MainThreadExecutor.runTask(ServerChunkManager.java:569) ~[minecraft-common-project-root-1.20.1-net.fabricmc.yarn.1_20_1.1.20.1+build.10-v2.jar:?]
	at net.minecraft.server.world.ServerChunkManager.executeQueuedTasks(ServerChunkManager.java:282) ~[minecraft-common-project-root-1.20.1-net.fabricmc.yarn.1_20_1.1.20.1+build.10-v2.jar:?]
	at net.minecraft.server.MinecraftServer.runOneTask(MinecraftServer.java:770) ~[minecraft-common-project-root-1.20.1-net.fabricmc.yarn.1_20_1.1.20.1+build.10-v2.jar:?]
	at net.minecraft.server.MinecraftServer.runTask(MinecraftServer.java:758) ~[minecraft-common-project-root-1.20.1-net.fabricmc.yarn.1_20_1.1.20.1+build.10-v2.jar:?]
	at net.minecraft.util.thread.ThreadExecutor.runTasks(ThreadExecutor.java:115) ~[minecraft-common-project-root-1.20.1-net.fabricmc.yarn.1_20_1.1.20.1+build.10-v2.jar:?]
	at net.minecraft.server.MinecraftServer.runTasksTillTickEnd(MinecraftServer.java:742) ~[minecraft-common-project-root-1.20.1-net.fabricmc.yarn.1_20_1.1.20.1+build.10-v2.jar:?]
	at net.minecraft.server.MinecraftServer.runServer(MinecraftServer.java:675) ~[minecraft-common-project-root-1.20.1-net.fabricmc.yarn.1_20_1.1.20.1+build.10-v2.jar:?]
	at net.minecraft.server.MinecraftServer.method_29739(MinecraftServer.java:265) ~[minecraft-common-project-root-1.20.1-net.fabricmc.yarn.1_20_1.1.20.1+build.10-v2.jar:?]
	at java.lang.Thread.run(Thread.java:842) ~[?:?]
[20:45:13] [Server thread/INFO] (Minecraft) Stopping server
[20:45:13] [Server thread/INFO] (Minecraft) Saving players
[20:45:13] [Server thread/INFO] (Minecraft) Saving worlds
